Reading netlist file: "D:\Education\leti_4\PLIS\lab5\slave\impl\gwsynthesis\slave.vg"
Parsing netlist file "D:\Education\leti_4\PLIS\lab5\slave\impl\gwsynthesis\slave.vg" completed
Processing netlist completed
Reading constraint file: "D:\Education\leti_4\PLIS\lab5\slave\src\slave.cst"
Physical Constraint parsed completed
Running placement......
[10%] Placement Phase 0 completed
[20%] Placement Phase 1 completed
[30%] Placement Phase 2 completed
WARN  (TA1132) :  'clk' was determined to be a clock but was not created.
[50%] Placement Phase 3 completed
Running routing......
[60%] Routing Phase 0 completed
[70%] Routing Phase 1 completed
[80%] Routing Phase 2 completed
[90%] Routing Phase 3 completed
Running timing analysis......
[95%] Timing analysis completed
Placement and routing completed
Bitstream generation in progress......
Bitstream generation completed
Running power analysis......
[100%] Power analysis completed
Generate file "D:\Education\leti_4\PLIS\lab5\slave\impl\pnr\slave.power.html" completed
Generate file "D:\Education\leti_4\PLIS\lab5\slave\impl\pnr\slave.pin.html" completed
Generate file "D:\Education\leti_4\PLIS\lab5\slave\impl\pnr\slave.rpt.html" completed
Generate file "D:\Education\leti_4\PLIS\lab5\slave\impl\pnr\slave.rpt.txt" completed
Generate file "D:\Education\leti_4\PLIS\lab5\slave\impl\pnr\slave.tr.html" completed
Sat Dec 14 19:53:08 2024

